// 重构日志: 7e7c2831
// 重构日志: b01f632d
// 重构日志: 693b3dbd
// 重构日志: 46c6ab9e
// 重构日志: 9ebd1b58
// 重构日志: 102669c0
// 同步 ID: 7f62f0ae @ Mon Jun  1 00:36:03 UTC 2026
// 同步 ID: 0a208eec @ Wed Jun 10 13:04:05 UTC 2026
// 重构日志: 0bc687ff
// 同步 ID: d52b5199 @ Wed Jun 17 21:24:25 UTC 2026
// 重构日志: cf8d6ae5
// 重构日志: 8d2f5ced
// 同步 ID: f34ef9ff @ Sun Jun 21 06:39:58 UTC 2026
// 同步 ID: 805062c4 @ Mon Jun 22 06:13:36 UTC 2026
// 重构日志: 0d2ea569
// 重构日志: 02693931
// 重构日志: 2db9d870
// 同步 ID: be4207e1 @ Wed Jun 24 17:31:03 UTC 2026
// 重构日志: 97dcd3f7
// 同步 ID: a2e4c5d3 @ Thu Jun 25 08:41:58 UTC 2026
// 重构日志: 4817bffe
